Build started 10.04.2017 14:08:54.
     1>Project "C:\Balint\SULI\VYSKA\10.semester\Vizualne systemy\laplace\optickaVzdialenost\optickaVzdialenost.vcxproj" on node 2 (Build target(s)).
     1>C:\Program Files (x86)\MSBuild\Microsoft.Cpp\v4.0\V120\Microsoft.CppBuild.targets(388,5): warning MSB8028: The intermediate directory (Debug\) contains files shared from another project (optickaVzdialenost.vcxproj).  This can lead to incorrect clean and rebuild behavior.
     1>ClCompile:
         C:\Program Files (x86)\Microsoft Visual Studio 12.0\VC\bin\CL.exe /c /I"C:\Balint\SULI\VYSKA\10.semester\Vizualne systemy\HusainDomonkos\opencv\build\include" /ZI /nologo /W3 /WX- /sdl /Od /Oy- /D WIN32 /D _DEBUG /D _CONSOLE /D _LIB /D _UNICODE /D UNICODE /Gm /EHsc /RTC1 /MDd /GS /fp:precise /Zc:wchar_t /Zc:forScope /Fo"Debug\\" /Fd"Debug\vc120.pdb" /Gd /TP /analyze- /errorReport:prompt Source.cpp
         Source.cpp
     1>c:\balint\suli\vyska\10.semester\vizualne systemy\laplace\optickavzdialenost\source.cpp(41): warning C4244: 'initializing' : conversion from 'double' to 'float', possible loss of data
       Link:
         C:\Program Files (x86)\Microsoft Visual Studio 12.0\VC\bin\link.exe /ERRORREPORT:PROMPT /OUT:"C:\Balint\SULI\VYSKA\10.semester\Vizualne systemy\laplace\Debug\laplace.exe" /INCREMENTAL /NOLOGO /LIBPATH:"C:\Balint\SULI\VYSKA\10.semester\Vizualne systemy\HusainDomonkos\opencv\build\x64\vc12\lib" opencv_world300d.lib /MANIFEST /MANIFESTUAC:"level='asInvoker' uiAccess='false'" /manifest:embed /DEBUG /PDB:"C:\Balint\SULI\VYSKA\10.semester\Vizualne systemy\laplace\Debug\laplace.pdb" /SUBSYSTEM:CONSOLE /TLBID:1 /DYNAMICBASE /NXCOMPAT /IMPLIB:"C:\Balint\SULI\VYSKA\10.semester\Vizualne systemy\laplace\Debug\laplace.lib" /MACHINE:X86 Debug\Source.obj
     1>opencv_world300d.lib(opencv_world300d.dll) : fatal error LNK1112: module machine type 'x64' conflicts with target machine type 'X86'
     1>Done Building Project "C:\Balint\SULI\VYSKA\10.semester\Vizualne systemy\laplace\optickaVzdialenost\optickaVzdialenost.vcxproj" (Build target(s)) -- FAILED.

Build FAILED.

Time Elapsed 00:00:01.54
